-------------------------------------------------------------------------------
Test set: com.selenium.junit.testrunner.TestRunnerClass
-------------------------------------------------------------------------------
Tests run: 4, Failures: 1, Errors: 0, Skipped: 0, Time elapsed: 67.633 s <<< FAILURE! - in com.selenium.junit.testrunner.TestRunnerClass
testYahooGoogleSwitchTabPageObject on testYahooGoogleSwitchTabPageObject(com.selenium.YahooGoogleSwitchTabPageObjectTest)(com.selenium.YahooGoogleSwitchTabPageObjectTest)  Time elapsed: 28.979 s  <<< FAILURE!
org.junit.ComparisonFailure: expected:<[g]oogle - Yahoo India ...> but was:<[G]oogle - Yahoo India ...>
	at com.selenium.YahooGoogleSwitchTabPageObjectTest.testYahooGoogleSwitchTabPageObject(YahooGoogleSwitchTabPageObjectTest.java:67)

