<?xml version="1.0" encoding="UTF-8"?>
<!-- Generated by org.testng.reporters.JUnitXMLReporter -->
<testsuite ignored="0" hostname="DESKTOP-BLN1FMN" failures="2" tests="2" name="Test" time="0.064" errors="0" timestamp="27 Apr 2020 15:58:16 GMT">
  <testcase classname="com.selenium.testng.SoftvsHardErrorTest" name="hardError" time="0.002">
    <failure type="java.lang.AssertionError" message="expected [true] but found [false]">
      <![CDATA[java.lang.AssertionError: expected [true] but found [false]
	at com.selenium.testng.SoftvsHardErrorTest.hardError(SoftvsHardErrorTest.java:17)
... Removed 33 stack frames]]>
    </failure>
  </testcase> <!-- hardError -->
  <testcase classname="com.selenium.testng.SoftvsHardErrorTest" name="softError" time="0.024">
    <failure type="java.lang.AssertionError" message="The following asserts failed:
	expected [true] but found [false],
	expected [false] but found [true],
	expected [Failed] but found [Sample]">
      <![CDATA[java.lang.AssertionError: The following asserts failed:
	expected [true] but found [false],
	expected [false] but found [true],
	expected [Failed] but found [Sample]
	at com.selenium.testng.SoftvsHardErrorTest.softError(SoftvsHardErrorTest.java:33)
... Removed 30 stack frames]]>
    </failure>
  </testcase> <!-- softError -->
</testsuite> <!-- Test -->
