<?xml version="1.0" encoding="UTF-8"?>
<!-- Generated by org.testng.reporters.JUnitXMLReporter -->
<testsuite ignored="0" hostname="DESKTOP-BLN1FMN" failures="1" tests="1" name="Test" time="31.001" errors="0" timestamp="2020-04-11T18:52:33 IST">
  <testcase classname="com.selenium.testng.ExecuteKeywordTest" name="testKeywordSheet" time="23.735">
    <failure type="java.lang.AssertionError" message="expected [Shirdi Ke Sai Baba] but found [Shirdi Ke Sai Baba (1977)]">
      <![CDATA[java.lang.AssertionError: expected [Shirdi Ke Sai Baba] but found [Shirdi Ke Sai Baba (1977)]
at com.selenium.testng.ExecuteKeywordTest.testKeywordSheet(ExecuteKeywordTest.java:129)
at java.base/java.util.ArrayList.forEach(ArrayList.java:1540)
... Removed 32 stack frames]]>
    </failure>
  </testcase> <!-- testKeywordSheet -->
</testsuite> <!-- Test -->
